Wed Mar 27 17:47:21 2024				Page     1


 
Update Symbols/Modules Logfile
	Wed Mar 27 17:47:21 2024

------ Module Refresh Messages ------

SUMMARY:    Updated 0 out of 0 modules

------ End Module Messages     ------



(---------------------------------------------------------------------)
(                                                                     )
(    Refresh Symbol                                                   )
(                                                                     )
(    Drawing          : AD9910DB.brd                                  )
(    Software Version : 23.1S002                                      )
(    Date/Time        : Wed Mar 27 17:47:21 2024                      )
(                                                                     )
(---------------------------------------------------------------------)


Wed Mar 27 17:47:21 2024				Page     1


------ Symbol Refresh Directives ------

Input design  = 'C:/Jeonghyun/Lab/AD9910_Enclosure2/ProfilePCB/allegro/AD9910DB.brd'
Output design = ''

Update mechanical symbols              = 'NO'
Update format symbols                  = 'NO'
Update package symbols                 = 'YES'
Update shape/flash symbols             = 'NO'
Update symbol padstacks                = 'NO'
Preserve padstacks replaced on pins    = 'NO'
Reset symbol text and size locations   = 'NO'
Reset Pin Escapes (fanouts)            = 'NO'
Ripup Etch                             = 'NO'
Reset custom drill data                = 'NO'


------ Library Paths ------
PSMPATH =  . 
           symbols 
           .. 
           ../symbols 
           C:/SPB_DATA/cdssetup/OrCAD_Capture/23.1.0/downloaded_parts/allegropcb 

PADPATH =  . 
           symbols 
           .. 
           C:/Jeonghyun/Lab/AD9910_Enclosure/ProfilePCB 
           C:/SPB_DATA/cdssetup/OrCAD_Capture/23.1.0/downloaded_parts/allegropcb 


------ Symbol Refresh Messages ------

'PH-00064'  symbol refreshed successfully.
'XDZ254-2-08-Z-2_5-G1'  symbol refreshed successfully.
'SMA-KE-10'  symbol refreshed successfully.
'HB-PH8-25426PB2GOP'  symbol refreshed successfully.


----- Symbol Update Summary ----

Updated symbols: 4 out 4
    Design updated.

