# ERROR (LMF-01001): License call failed. The license server search path is defined as C:\Cadence\SPB_22.1\License.dat. The FLEXnet error message is as follows,
    FLEXnet ERROR(1, 212, 2): Cannot find license file.

Run 'lic_error LMF-01001' for more information.# 
# ===============================================================================
#                               Allegro PCB Router                               
# Copyright 1990-2010 Cadence Design Systems, Inc.  All Rights Reserved.
# ===============================================================================
# 
# Software licensed for sale by Cadence Design Systems, Inc.
# Current time = Wed Mar 27 17:51:09 2024
# 
# Allegro PCB Router v23-1-0 made 2023/08/24 at 12:48:59
# Running on: laptop-etov1is0, OS Version: WindowsNT 6.2.9200, Architecture: Intel Pentium II, III, or 4
# Licensing: The program will not obey any unlicensed rules
# No graphics will be displayed.
# Design Name C:/Jeonghyun/Lab/AD9910_Enclosure2/ProfilePCB/allegro\AD9910DB.dsn
# Batch File Name: pasde.do
# Licensing Error:
# No License file found, entering Demo Mode: NO SAVES PERMITTED!
# License Not Found: Entering Demo Mode. Saves WILL NOT be permitted!
# 0) OK,
# 1) EXIT
# Choose one: 